#1
_program
  #1
  _class
    Main
    IO
    "hello_world.cl"
    (
    #2
    _attr
      aa
      A
      #0
      _no_expr
      : _no_type
    #3
    _attr
      k
      Int
      #3
      _plus
        #3
        _int
          5
        : Int
        #3
        _int
          5
        : Int
      : Int
    #4
    _method
      a
      Object
      #5
      _typcase
        #5
        _string
          "hello"
        : String
        #6
        _branch
          x
          String
          #6
          _dispatch
            #6
            _object
              self
            : SELF_TYPE
            out_int
            (
            #6
            _plus
              #6
              _plus
                #6
                _plus
                  #6
                  _int
                    3
                  : Int
                  #6
                  _int
                    4
                  : Int
                : Int
                #6
                _int
                  9
                : Int
              : Int
              #6
              _object
                k
              : Int
            : Int
            )
          : SELF_TYPE
      : SELF_TYPE
    #9
    _method
      main
      Object
      #10
      _dispatch
        #10
        _object
          self
        : SELF_TYPE
        a
        (
        )
      : Object
    )
  #15
  _class
    A
    Object
    "hello_world.cl"
    (
    )
  #19
  _class
    B
    Object
    "hello_world.cl"
    (
    )
